<?xml version="1.0" encoding="UTF-8"?>
<!-- Generated by org.testng.reporters.JUnitXMLReporter -->
<testsuite hostname="Sony-PC" ignored="0" name="Command line test" tests="4" failures="0" timestamp="28 Apr 2018 02:37:07 GMT" time="0.061" errors="0">
  <testcase name="div" time="0.014" classname="com.qa.test.TestNGDemo$DemoTestNG"/>
  <testcase name="mul" time="0.001" classname="com.qa.test.TestNGDemo$DemoTestNG"/>
  <testcase name="sub" time="0.0" classname="com.qa.test.TestNGDemo$DemoTestNG"/>
  <testcase name="sum" time="0.0" classname="com.qa.test.TestNGDemo$DemoTestNG"/>
</testsuite> <!-- Command line test -->
