<?xml version="1.0" encoding="UTF-8"?>
<!-- Generated by org.testng.reporters.JUnitXMLReporter -->
<testsuite hostname="Sony-PC" ignored="0" name="Command line test" tests="12" failures="0" timestamp="28 Apr 2018 03:21:11 GMT" time="0.096" errors="0">
  <testcase name="div" time="0.021" classname="com.qa.test.TestNGDemo"/>
  <testcase name="mul" time="0.0" classname="com.qa.test.TestNGDemo"/>
  <testcase name="sub" time="0.0" classname="com.qa.test.TestNGDemo"/>
  <testcase name="sum" time="0.0" classname="com.qa.test.TestNGDemo"/>
  <testcase name="div" time="0.0" classname="com.qa.test.TestNGDemo1"/>
  <testcase name="mul" time="0.0" classname="com.qa.test.TestNGDemo1"/>
  <testcase name="sub" time="0.0" classname="com.qa.test.TestNGDemo1"/>
  <testcase name="sum" time="0.0" classname="com.qa.test.TestNGDemo1"/>
  <testcase name="div" time="0.0" classname="com.qa.test.TestNGDemo2"/>
  <testcase name="mul" time="0.0" classname="com.qa.test.TestNGDemo2"/>
  <testcase name="sub" time="0.0" classname="com.qa.test.TestNGDemo2"/>
  <testcase name="sum" time="0.0" classname="com.qa.test.TestNGDemo2"/>
</testsuite> <!-- Command line test -->
