<?xml version="1.0" encoding="UTF-8"?>
<testng-results skipped="0" failed="0" ignored="0" total="4" passed="4">
  <reporter-output>
  </reporter-output>
  <suite name="com.qa.test.TestNGDemo" duration-ms="61" started-at="2018-04-28T02:37:07Z" finished-at="2018-04-28T02:37:07Z">
    <groups>
    </groups>
    <test name="Command line test" duration-ms="61" started-at="2018-04-28T02:37:07Z" finished-at="2018-04-28T02:37:07Z">
      <class name="com.qa.test.TestNGDemo$DemoTestNG">
        <test-method status="PASS" signature="div()[pri:0, instance:com.qa.test.TestNGDemo$DemoTestNG@2d209079]" name="div" duration-ms="14" started-at="2018-04-28T02:37:07Z" finished-at="2018-04-28T02:37:07Z">
          <reporter-output>
          </reporter-output>
        </test-method> <!-- div -->
        <test-method status="PASS" signature="mul()[pri:0, instance:com.qa.test.TestNGDemo$DemoTestNG@2d209079]" name="mul" duration-ms="1" started-at="2018-04-28T02:37:07Z" finished-at="2018-04-28T02:37:07Z">
          <reporter-output>
          </reporter-output>
        </test-method> <!-- mul -->
        <test-method status="PASS" signature="sub()[pri:0, instance:com.qa.test.TestNGDemo$DemoTestNG@2d209079]" name="sub" duration-ms="0" started-at="2018-04-28T02:37:07Z" finished-at="2018-04-28T02:37:07Z">
          <reporter-output>
          </reporter-output>
        </test-method> <!-- sub -->
        <test-method status="PASS" signature="sum()[pri:0, instance:com.qa.test.TestNGDemo$DemoTestNG@2d209079]" name="sum" duration-ms="0" started-at="2018-04-28T02:37:07Z" finished-at="2018-04-28T02:37:07Z">
          <reporter-output>
          </reporter-output>
        </test-method> <!-- sum -->
      </class> <!-- com.qa.test.TestNGDemo$DemoTestNG -->
    </test> <!-- Command line test -->
  </suite> <!-- com.qa.test.TestNGDemo -->
</testng-results>
